<?xml version="1.0" encoding="UTF-8"?>
<testng-results ignored="0" total="4" passed="4" failed="0" skipped="0">
  <reporter-output>
  </reporter-output>
  <suite started-at="2024-06-07T20:54:52Z" name="BDD Test Suite" finished-at="2024-06-07T20:55:04Z" duration-ms="12461">
    <groups>
      <group name="cucumber">
        <method signature="AbstractTestNGCucumberTests.runScenario(cucumber.api.testng.PickleEventWrapper, cucumber.api.testng.CucumberFeatureWrapper)[pri:0, instance:com.crowdar.bdd.cukes.TestNGSecuencialRunner@7714e963]" name="runScenario" class="cucumber.api.testng.AbstractTestNGCucumberTests"/>
      </group> <!-- cucumber -->
    </groups>
    <test started-at="2024-06-07T20:54:52Z" name="Login and Update Profile Test" finished-at="2024-06-07T20:55:04Z" duration-ms="12461">
      <class name="com.crowdar.bdd.cukes.TestNGSecuencialRunner">
        <test-method is-config="true" signature="setUpClass()[pri:0, instance:com.crowdar.bdd.cukes.TestNGSecuencialRunner@7714e963]" started-at="2024-06-07T20:54:52Z" name="setUpClass" finished-at="2024-06-07T20:54:53Z" duration-ms="861" status="PASS">
          <reporter-output>
          </reporter-output>
        </test-method> <!-- setUpClass -->
        <test-method signature="runScenario(cucumber.api.testng.PickleEventWrapper, cucumber.api.testng.CucumberFeatureWrapper)[pri:0, instance:com.crowdar.bdd.cukes.TestNGSecuencialRunner@7714e963]" started-at="2024-06-07T20:54:53Z" name="runScenario" description="Runs Cucumber Scenarios" data-provider="scenarios" finished-at="2024-06-07T20:54:58Z" duration-ms="4968" status="PASS">
          <params>
            <param index="0">
              <value>
                <![CDATA["Get time entries for a user on workspace"]]>
              </value>
            </param>
            <param index="1">
              <value>
                <![CDATA["Low Code Clockify"]]>
              </value>
            </param>
          </params>
          <reporter-output>
          </reporter-output>
        </test-method> <!-- runScenario -->
        <test-method signature="runScenario(cucumber.api.testng.PickleEventWrapper, cucumber.api.testng.CucumberFeatureWrapper)[pri:0, instance:com.crowdar.bdd.cukes.TestNGSecuencialRunner@7714e963]" started-at="2024-06-07T20:54:58Z" name="runScenario" description="Runs Cucumber Scenarios" data-provider="scenarios" finished-at="2024-06-07T20:55:00Z" duration-ms="1710" status="PASS">
          <params>
            <param index="0">
              <value>
                <![CDATA["Add a new time entry"]]>
              </value>
            </param>
            <param index="1">
              <value>
                <![CDATA["Low Code Clockify"]]>
              </value>
            </param>
          </params>
          <reporter-output>
          </reporter-output>
        </test-method> <!-- runScenario -->
        <test-method signature="runScenario(cucumber.api.testng.PickleEventWrapper, cucumber.api.testng.CucumberFeatureWrapper)[pri:0, instance:com.crowdar.bdd.cukes.TestNGSecuencialRunner@7714e963]" started-at="2024-06-07T20:55:00Z" name="runScenario" description="Runs Cucumber Scenarios" data-provider="scenarios" finished-at="2024-06-07T20:55:01Z" duration-ms="1765" status="PASS">
          <params>
            <param index="0">
              <value>
                <![CDATA["Update time entry on workspace"]]>
              </value>
            </param>
            <param index="1">
              <value>
                <![CDATA["Low Code Clockify"]]>
              </value>
            </param>
          </params>
          <reporter-output>
          </reporter-output>
        </test-method> <!-- runScenario -->
        <test-method signature="runScenario(cucumber.api.testng.PickleEventWrapper, cucumber.api.testng.CucumberFeatureWrapper)[pri:0, instance:com.crowdar.bdd.cukes.TestNGSecuencialRunner@7714e963]" started-at="2024-06-07T20:55:01Z" name="runScenario" description="Runs Cucumber Scenarios" data-provider="scenarios" finished-at="2024-06-07T20:55:03Z" duration-ms="1635" status="PASS">
          <params>
            <param index="0">
              <value>
                <![CDATA["Delete time entry from workspace"]]>
              </value>
            </param>
            <param index="1">
              <value>
                <![CDATA["Low Code Clockify"]]>
              </value>
            </param>
          </params>
          <reporter-output>
          </reporter-output>
        </test-method> <!-- runScenario -->
        <test-method is-config="true" signature="tearDownClass()[pri:0, instance:com.crowdar.bdd.cukes.TestNGSecuencialRunner@7714e963]" started-at="2024-06-07T20:55:03Z" name="tearDownClass" finished-at="2024-06-07T20:55:04Z" duration-ms="1364" status="PASS">
          <reporter-output>
          </reporter-output>
        </test-method> <!-- tearDownClass -->
      </class> <!-- com.crowdar.bdd.cukes.TestNGSecuencialRunner -->
    </test> <!-- Login and Update Profile Test -->
  </suite> <!-- BDD Test Suite -->
</testng-results>
